<!doctype html>
<html lang="">
<head>
    <meta charset="UTF-8">
    <meta name="viewport"
          content="width=device-width, user-scalable=no, initial-scale=1.0, maximum-scale=1.0, minimum-scale=1.0">
    <meta http-equiv="X-UA-Compatible" content="ie=edge">
    <title>Test Results Report - OlaApp</title>

    <link href="reportng.css" rel="stylesheet" type="text/css"/>
</head>
<body>
<div id="meta">
Generated by <a href="http://www.testng.org" target="_blank">TestNG</a> with <a href="https://github.com/testng-team/reportng" target="_blank">ReportNG</a>
at 20:40 IST on Monday 02 December 2019
    <br/><span
    id="systemInfo">300066828@EN-AnuN&nbsp;/&nbsp;Java 9.0.4 (Oracle Corporation)&nbsp;/&nbsp;Mac OS X 10.13.6 (x86_64)</span>
</div>
<h1>OlaApp</h1>

<p>
    <a href="index.html">Suites</a>
        &#183; <a href="output.html">Log Output</a>
</p>

<p>Test duration
    : 54.425s</p>


    <table class="resultsTable">
        <tr>
            <th colspan="3" class="header failed">Failed Tests</th>
        </tr>
            <tr>
                <td class="group" colspan="3">com.ola.book.ride.testScripts.OlaBookARide</td>
            </tr>
    <tr>
        <td class="method">
                BookSingleRide
        </td>
        <td class="duration">
            35.027s
        </td>
        <td class="result">
            <!-- Display the dependencies for skipped test methods -->


            <!-- Show logger output for the test -->

                <a href="javascript:toggleElement('exception-0', 'block')"
                   title="Click to expand/collapse">
                    <b>org.openqa.selenium.NoSuchElementException: Can&apos;t locate an element by this strategy: By.id: com.olacabs.customer:id/mobile_number</b>
                </a>
                <br/>
                <div class="stackTrace" id="exception-0">
                        io.appium.java_client.pagefactory.AppiumElementLocator.findElement(AppiumElementLocator.java:126)<br/>
                        io.appium.java_client.pagefactory.interceptors.InterceptorOfASingleElement.intercept(InterceptorOfASingleElement.java:59)<br/>
                        io.appium.java_client.android.AndroidElement$$EnhancerByCGLIB$$b598166c.isEnabled(&lt;generated&gt;)<br/>
                        com.ola.book.ride.objectRepo.Login.LoginPageObjects.verifyMobileNumberInputFieldVisibility(LoginPageObjects.java:86)<br/>
                        com.ola.book.ride.objectRepo.Login.LoginPageObjects.Login(LoginPageObjects.java:66)<br/>
                        com.ola.book.ride.testScripts.OlaBookARide.BookSingleRide(OlaBookARide.java:40)<br/>
                        java.base/jdk.internal.reflect.NativeMethodAccessorImpl.invoke0(Native Method)<br/>
                        java.base/jdk.internal.reflect.NativeMethodAccessorImpl.invoke(NativeMethodAccessorImpl.java:62)<br/>
                        java.base/jdk.internal.reflect.DelegatingMethodAccessorImpl.invoke(DelegatingMethodAccessorImpl.java:43)<br/>
                        java.base/java.lang.reflect.Method.invoke(Method.java:564)<br/>
                        org.testng.internal.MethodInvocationHelper.invokeMethod(MethodInvocationHelper.java:133)<br/>
                        org.testng.internal.TestInvoker.invokeMethod(TestInvoker.java:584)<br/>
                        org.testng.internal.TestInvoker.invokeTestMethod(TestInvoker.java:172)<br/>
                        org.testng.internal.MethodRunner.runInSequence(MethodRunner.java:46)<br/>
                        org.testng.internal.TestInvoker$MethodInvocationAgent.invoke(TestInvoker.java:804)<br/>
                        org.testng.internal.TestInvoker.invokeTestMethods(TestInvoker.java:145)<br/>
                        org.testng.internal.TestMethodWorker.invokeTestMethods(TestMethodWorker.java:146)<br/>
                        org.testng.internal.TestMethodWorker.run(TestMethodWorker.java:128)<br/>
                        java.base/java.util.ArrayList.forEach(ArrayList.java:1380)<br/>
                        org.testng.TestRunner.privateRun(TestRunner.java:770)<br/>
                        org.testng.TestRunner.run(TestRunner.java:591)<br/>
                        org.testng.SuiteRunner.runTest(SuiteRunner.java:402)<br/>
                        org.testng.SuiteRunner.runSequentially(SuiteRunner.java:396)<br/>
                        org.testng.SuiteRunner.privateRun(SuiteRunner.java:355)<br/>
                        org.testng.SuiteRunner.run(SuiteRunner.java:304)<br/>
                        org.testng.SuiteRunnerWorker.runSuite(SuiteRunnerWorker.java:53)<br/>
                        org.testng.SuiteRunnerWorker.run(SuiteRunnerWorker.java:96)<br/>
                        org.testng.TestNG.runSuitesSequentially(TestNG.java:1180)<br/>
                        org.testng.TestNG.runSuitesLocally(TestNG.java:1102)<br/>
                        org.testng.TestNG.runSuites(TestNG.java:1032)<br/>
                        org.testng.TestNG.run(TestNG.java:1000)<br/>
                        org.testng.IDEARemoteTestNG.run(IDEARemoteTestNG.java:72)<br/>
                        org.testng.RemoteTestNGStarter.main(RemoteTestNGStarter.java:123)<br/>
                        <b>Caused by: </b>
                        <a href="javascript:toggleElement('exception-1', 'block')"
                           title="Click to expand/collapse">
                            org.openqa.selenium.TimeoutException: Expected condition failed: waiting for io.appium.java_client.pagefactory.AppiumElementLocator$WaitingFunction@5b69d40d (tried for 1 second(s) with 500 milliseconds interval)
                        </a>
                        <br/>
                        <div class="stackTrace" id="exception-1">
                                org.openqa.selenium.support.ui.FluentWait.timeoutException(FluentWait.java:304)<br/>
                                org.openqa.selenium.support.ui.FluentWait.until(FluentWait.java:272)<br/>
                                io.appium.java_client.pagefactory.AppiumElementLocator.waitFor(AppiumElementLocator.java:99)<br/>
                                io.appium.java_client.pagefactory.AppiumElementLocator.findElement(AppiumElementLocator.java:119)<br/>
                                io.appium.java_client.pagefactory.interceptors.InterceptorOfASingleElement.intercept(InterceptorOfASingleElement.java:59)<br/>
                                io.appium.java_client.android.AndroidElement$$EnhancerByCGLIB$$b598166c.isEnabled(&lt;generated&gt;)<br/>
                                com.ola.book.ride.objectRepo.Login.LoginPageObjects.verifyMobileNumberInputFieldVisibility(LoginPageObjects.java:86)<br/>
                                com.ola.book.ride.objectRepo.Login.LoginPageObjects.Login(LoginPageObjects.java:66)<br/>
                                com.ola.book.ride.testScripts.OlaBookARide.BookSingleRide(OlaBookARide.java:40)<br/>
                                java.base/jdk.internal.reflect.NativeMethodAccessorImpl.invoke0(Native Method)<br/>
                                java.base/jdk.internal.reflect.NativeMethodAccessorImpl.invoke(NativeMethodAccessorImpl.java:62)<br/>
                                java.base/jdk.internal.reflect.DelegatingMethodAccessorImpl.invoke(DelegatingMethodAccessorImpl.java:43)<br/>
                                java.base/java.lang.reflect.Method.invoke(Method.java:564)<br/>
                                org.testng.internal.MethodInvocationHelper.invokeMethod(MethodInvocationHelper.java:133)<br/>
                                org.testng.internal.TestInvoker.invokeMethod(TestInvoker.java:584)<br/>
                                org.testng.internal.TestInvoker.invokeTestMethod(TestInvoker.java:172)<br/>
                                org.testng.internal.MethodRunner.runInSequence(MethodRunner.java:46)<br/>
                                org.testng.internal.TestInvoker$MethodInvocationAgent.invoke(TestInvoker.java:804)<br/>
                                org.testng.internal.TestInvoker.invokeTestMethods(TestInvoker.java:145)<br/>
                                org.testng.internal.TestMethodWorker.invokeTestMethods(TestMethodWorker.java:146)<br/>
                                org.testng.internal.TestMethodWorker.run(TestMethodWorker.java:128)<br/>
                                java.base/java.util.ArrayList.forEach(ArrayList.java:1380)<br/>
                                org.testng.TestRunner.privateRun(TestRunner.java:770)<br/>
                                org.testng.TestRunner.run(TestRunner.java:591)<br/>
                                org.testng.SuiteRunner.runTest(SuiteRunner.java:402)<br/>
                                org.testng.SuiteRunner.runSequentially(SuiteRunner.java:396)<br/>
                                org.testng.SuiteRunner.privateRun(SuiteRunner.java:355)<br/>
                                org.testng.SuiteRunner.run(SuiteRunner.java:304)<br/>
                                org.testng.SuiteRunnerWorker.runSuite(SuiteRunnerWorker.java:53)<br/>
                                org.testng.SuiteRunnerWorker.run(SuiteRunnerWorker.java:96)<br/>
                                org.testng.TestNG.runSuitesSequentially(TestNG.java:1180)<br/>
                                org.testng.TestNG.runSuitesLocally(TestNG.java:1102)<br/>
                                org.testng.TestNG.runSuites(TestNG.java:1032)<br/>
                                org.testng.TestNG.run(TestNG.java:1000)<br/>
                                org.testng.IDEARemoteTestNG.run(IDEARemoteTestNG.java:72)<br/>
                                org.testng.RemoteTestNGStarter.main(RemoteTestNGStarter.java:123)<br/>
                        </div>
                        <b>Caused by: </b>
                        <a href="javascript:toggleElement('exception-2', 'block')"
                           title="Click to expand/collapse">
                            org.openqa.selenium.NoSuchElementException: An element could not be located on the page using the given search parameters.<br/>
For documentation on this error, please visit: https://www.seleniumhq.org/exceptions/no_such_element.html<br/>
Build info: version: &apos;3.141.59&apos;, revision: &apos;e82be7d358&apos;, time: &apos;2018-11-14T08:17:03&apos;<br/>
System info: host: &apos;EN-AnuN&apos;, ip: &apos;fe80:0:0:0:1c80:586a:17aa:f912%en0&apos;, os.name: &apos;Mac OS X&apos;, os.arch: &apos;x86_64&apos;, os.version: &apos;10.13.6&apos;, java.version: &apos;9.0.4&apos;<br/>
Driver info: io.appium.java_client.android.AndroidDriver<br/>
Capabilities {UDID: 639e20fe, app: /Users/300066828/Downloads/..., appActivity: com.olacabs.customer.ui.Spl..., appPackage: com.olacabs.customer, autoGrantPermissions: true, databaseEnabled: false, desired: {UDID: 639e20fe, app: /Users/300066828/Downloads/..., appActivity: com.olacabs.customer.ui.Spl..., appPackage: com.olacabs.customer, autoGrantPermissions: true, deviceName: one plus one, gpsEnabled: true, newCommandTimeout: 120, noReset: false, platformName: android}, deviceManufacturer: vivo, deviceModel: vivo 1803, deviceName: BQOV75TO695L5DQ8, deviceScreenSize: 720x1520, deviceUDID: BQOV75TO695L5DQ8, gpsEnabled: true, javascriptEnabled: true, locationContextEnabled: false, networkConnectionEnabled: true, newCommandTimeout: 120, noReset: false, platform: LINUX, platformName: Android, platformVersion: 8.1.0, takesScreenshot: true, warnings: {}, webStorageEnabled: false}<br/>
Session ID: 256f80fe-2d2e-4c53-b773-dadf8bdc77ae<br/>
*** Element info: {Using=id, value=com.olacabs.customer:id/mobile_number}
                        </a>
                        <br/>
                        <div class="stackTrace" id="exception-2">
                                java.base/jdk.internal.reflect.NativeConstructorAccessorImpl.newInstance0(Native Method)<br/>
                                java.base/jdk.internal.reflect.NativeConstructorAccessorImpl.newInstance(NativeConstructorAccessorImpl.java:62)<br/>
                                java.base/jdk.internal.reflect.DelegatingConstructorAccessorImpl.newInstance(DelegatingConstructorAccessorImpl.java:45)<br/>
                                java.base/java.lang.reflect.Constructor.newInstance(Constructor.java:488)<br/>
                                org.openqa.selenium.remote.http.W3CHttpResponseCodec.createException(W3CHttpResponseCodec.java:187)<br/>
                                org.openqa.selenium.remote.http.W3CHttpResponseCodec.decode(W3CHttpResponseCodec.java:122)<br/>
                                org.openqa.selenium.remote.http.W3CHttpResponseCodec.decode(W3CHttpResponseCodec.java:49)<br/>
                                org.openqa.selenium.remote.HttpCommandExecutor.execute(HttpCommandExecutor.java:158)<br/>
                                io.appium.java_client.remote.AppiumCommandExecutor.execute(AppiumCommandExecutor.java:239)<br/>
                                org.openqa.selenium.remote.RemoteWebDriver.execute(RemoteWebDriver.java:552)<br/>
                                io.appium.java_client.DefaultGenericMobileDriver.execute(DefaultGenericMobileDriver.java:41)<br/>
                                io.appium.java_client.AppiumDriver.execute(AppiumDriver.java:1)<br/>
                                io.appium.java_client.android.AndroidDriver.execute(AndroidDriver.java:1)<br/>
                                org.openqa.selenium.remote.RemoteWebDriver.findElement(RemoteWebDriver.java:323)<br/>
                                io.appium.java_client.DefaultGenericMobileDriver.findElement(DefaultGenericMobileDriver.java:61)<br/>
                                io.appium.java_client.AppiumDriver.findElement(AppiumDriver.java:1)<br/>
                                io.appium.java_client.android.AndroidDriver.findElement(AndroidDriver.java:1)<br/>
                                org.openqa.selenium.remote.RemoteWebDriver.findElementById(RemoteWebDriver.java:372)<br/>
                                io.appium.java_client.DefaultGenericMobileDriver.findElementById(DefaultGenericMobileDriver.java:69)<br/>
                                io.appium.java_client.AppiumDriver.findElementById(AppiumDriver.java:1)<br/>
                                io.appium.java_client.android.AndroidDriver.findElementById(AndroidDriver.java:1)<br/>
                                org.openqa.selenium.By$ById.findElement(By.java:188)<br/>
                                org.openqa.selenium.remote.RemoteWebDriver.findElement(RemoteWebDriver.java:315)<br/>
                                io.appium.java_client.DefaultGenericMobileDriver.findElement(DefaultGenericMobileDriver.java:57)<br/>
                                io.appium.java_client.AppiumDriver.findElement(AppiumDriver.java:1)<br/>
                                io.appium.java_client.android.AndroidDriver.findElement(AndroidDriver.java:1)<br/>
                                io.appium.java_client.pagefactory.bys.ContentMappedBy.findElement(ContentMappedBy.java:50)<br/>
                                org.openqa.selenium.remote.RemoteWebDriver.findElement(RemoteWebDriver.java:315)<br/>
                                io.appium.java_client.DefaultGenericMobileDriver.findElement(DefaultGenericMobileDriver.java:57)<br/>
                                io.appium.java_client.AppiumDriver.findElement(AppiumDriver.java:1)<br/>
                                io.appium.java_client.android.AndroidDriver.findElement(AndroidDriver.java:1)<br/>
                                io.appium.java_client.pagefactory.AppiumElementLocator.lambda$0(AppiumElementLocator.java:120)<br/>
                                io.appium.java_client.pagefactory.AppiumElementLocator$WaitingFunction.apply(AppiumElementLocator.java:172)<br/>
                                io.appium.java_client.pagefactory.AppiumElementLocator$WaitingFunction.apply(AppiumElementLocator.java:1)<br/>
                                org.openqa.selenium.support.ui.FluentWait.until(FluentWait.java:249)<br/>
                                io.appium.java_client.pagefactory.AppiumElementLocator.waitFor(AppiumElementLocator.java:99)<br/>
                                io.appium.java_client.pagefactory.AppiumElementLocator.findElement(AppiumElementLocator.java:119)<br/>
                                io.appium.java_client.pagefactory.interceptors.InterceptorOfASingleElement.intercept(InterceptorOfASingleElement.java:59)<br/>
                                io.appium.java_client.android.AndroidElement$$EnhancerByCGLIB$$b598166c.isEnabled(&lt;generated&gt;)<br/>
                                com.ola.book.ride.objectRepo.Login.LoginPageObjects.verifyMobileNumberInputFieldVisibility(LoginPageObjects.java:86)<br/>
                                com.ola.book.ride.objectRepo.Login.LoginPageObjects.Login(LoginPageObjects.java:66)<br/>
                                com.ola.book.ride.testScripts.OlaBookARide.BookSingleRide(OlaBookARide.java:40)<br/>
                                java.base/jdk.internal.reflect.NativeMethodAccessorImpl.invoke0(Native Method)<br/>
                                java.base/jdk.internal.reflect.NativeMethodAccessorImpl.invoke(NativeMethodAccessorImpl.java:62)<br/>
                                java.base/jdk.internal.reflect.DelegatingMethodAccessorImpl.invoke(DelegatingMethodAccessorImpl.java:43)<br/>
                                java.base/java.lang.reflect.Method.invoke(Method.java:564)<br/>
                                org.testng.internal.MethodInvocationHelper.invokeMethod(MethodInvocationHelper.java:133)<br/>
                                org.testng.internal.TestInvoker.invokeMethod(TestInvoker.java:584)<br/>
                                org.testng.internal.TestInvoker.invokeTestMethod(TestInvoker.java:172)<br/>
                                org.testng.internal.MethodRunner.runInSequence(MethodRunner.java:46)<br/>
                                org.testng.internal.TestInvoker$MethodInvocationAgent.invoke(TestInvoker.java:804)<br/>
                                org.testng.internal.TestInvoker.invokeTestMethods(TestInvoker.java:145)<br/>
                                org.testng.internal.TestMethodWorker.invokeTestMethods(TestMethodWorker.java:146)<br/>
                                org.testng.internal.TestMethodWorker.run(TestMethodWorker.java:128)<br/>
                                java.base/java.util.ArrayList.forEach(ArrayList.java:1380)<br/>
                                org.testng.TestRunner.privateRun(TestRunner.java:770)<br/>
                                org.testng.TestRunner.run(TestRunner.java:591)<br/>
                                org.testng.SuiteRunner.runTest(SuiteRunner.java:402)<br/>
                                org.testng.SuiteRunner.runSequentially(SuiteRunner.java:396)<br/>
                                org.testng.SuiteRunner.privateRun(SuiteRunner.java:355)<br/>
                                org.testng.SuiteRunner.run(SuiteRunner.java:304)<br/>
                                org.testng.SuiteRunnerWorker.runSuite(SuiteRunnerWorker.java:53)<br/>
                                org.testng.SuiteRunnerWorker.run(SuiteRunnerWorker.java:96)<br/>
                                org.testng.TestNG.runSuitesSequentially(TestNG.java:1180)<br/>
                                org.testng.TestNG.runSuitesLocally(TestNG.java:1102)<br/>
                                org.testng.TestNG.runSuites(TestNG.java:1032)<br/>
                                org.testng.TestNG.run(TestNG.java:1000)<br/>
                                org.testng.IDEARemoteTestNG.run(IDEARemoteTestNG.java:72)<br/>
                                org.testng.RemoteTestNGStarter.main(RemoteTestNGStarter.java:123)<br/>
                        </div>
                </div>
        </td>
    </tr>
    </table>



<script type="text/javascript" src="reportng.js"></script>
</body>
