<?xml version="1.0" encoding="UTF-8"?>
<testsuite name="OlaApp"
           tests="1"
           failures="1"
           errors="0"
           skipped="0"
           time="35.027">
    <properties></properties>

            <testcase
                name="BookSingleRide"
                time="35.027"
                classname="com.ola.book.ride.testScripts.OlaBookARide">

            <failure type="org.openqa.selenium.NoSuchElementException" message="Can&apos;t locate an element by this strategy: By.id: com.olacabs.customer:id/mobile_number">
                <![CDATA[org.openqa.selenium.NoSuchElementException: Can't locate an element by this strategy: By.id: com.olacabs.customer:id/mobile_number
                io.appium.java_client.pagefactory.AppiumElementLocator.findElement(AppiumElementLocator.java:126)io.appium.java_client.pagefactory.interceptors.InterceptorOfASingleElement.intercept(InterceptorOfASingleElement.java:59)io.appium.java_client.android.AndroidElement$$EnhancerByCGLIB$$b598166c.isEnabled(<generated>)com.ola.book.ride.objectRepo.Login.LoginPageObjects.verifyMobileNumberInputFieldVisibility(LoginPageObjects.java:86)com.ola.book.ride.objectRepo.Login.LoginPageObjects.Login(LoginPageObjects.java:66)com.ola.book.ride.testScripts.OlaBookARide.BookSingleRide(OlaBookARide.java:40)java.base/jdk.internal.reflect.NativeMethodAccessorImpl.invoke0(Native Method)java.base/jdk.internal.reflect.NativeMethodAccessorImpl.invoke(NativeMethodAccessorImpl.java:62)java.base/jdk.internal.reflect.DelegatingMethodAccessorImpl.invoke(DelegatingMethodAccessorImpl.java:43)java.base/java.lang.reflect.Method.invoke(Method.java:564)org.testng.internal.MethodInvocationHelper.invokeMethod(MethodInvocationHelper.java:133)org.testng.internal.TestInvoker.invokeMethod(TestInvoker.java:584)org.testng.internal.TestInvoker.invokeTestMethod(TestInvoker.java:172)org.testng.internal.MethodRunner.runInSequence(MethodRunner.java:46)org.testng.internal.TestInvoker$MethodInvocationAgent.invoke(TestInvoker.java:804)org.testng.internal.TestInvoker.invokeTestMethods(TestInvoker.java:145)org.testng.internal.TestMethodWorker.invokeTestMethods(TestMethodWorker.java:146)org.testng.internal.TestMethodWorker.run(TestMethodWorker.java:128)java.base/java.util.ArrayList.forEach(ArrayList.java:1380)org.testng.TestRunner.privateRun(TestRunner.java:770)org.testng.TestRunner.run(TestRunner.java:591)org.testng.SuiteRunner.runTest(SuiteRunner.java:402)org.testng.SuiteRunner.runSequentially(SuiteRunner.java:396)org.testng.SuiteRunner.privateRun(SuiteRunner.java:355)org.testng.SuiteRunner.run(SuiteRunner.java:304)org.testng.SuiteRunnerWorker.runSuite(SuiteRunnerWorker.java:53)org.testng.SuiteRunnerWorker.run(SuiteRunnerWorker.java:96)org.testng.TestNG.runSuitesSequentially(TestNG.java:1180)org.testng.TestNG.runSuitesLocally(TestNG.java:1102)org.testng.TestNG.runSuites(TestNG.java:1032)org.testng.TestNG.run(TestNG.java:1000)org.testng.IDEARemoteTestNG.run(IDEARemoteTestNG.java:72)org.testng.RemoteTestNGStarter.main(RemoteTestNGStarter.java:123)
                    Caused by: org.openqa.selenium.TimeoutException: Expected condition failed: waiting for io.appium.java_client.pagefactory.AppiumElementLocator$WaitingFunction@5b69d40d (tried for 1 second(s) with 500 milliseconds interval)
                    org.openqa.selenium.support.ui.FluentWait.timeoutException(FluentWait.java:304)org.openqa.selenium.support.ui.FluentWait.until(FluentWait.java:272)io.appium.java_client.pagefactory.AppiumElementLocator.waitFor(AppiumElementLocator.java:99)io.appium.java_client.pagefactory.AppiumElementLocator.findElement(AppiumElementLocator.java:119)io.appium.java_client.pagefactory.interceptors.InterceptorOfASingleElement.intercept(InterceptorOfASingleElement.java:59)io.appium.java_client.android.AndroidElement$$EnhancerByCGLIB$$b598166c.isEnabled(<generated>)com.ola.book.ride.objectRepo.Login.LoginPageObjects.verifyMobileNumberInputFieldVisibility(LoginPageObjects.java:86)com.ola.book.ride.objectRepo.Login.LoginPageObjects.Login(LoginPageObjects.java:66)com.ola.book.ride.testScripts.OlaBookARide.BookSingleRide(OlaBookARide.java:40)java.base/jdk.internal.reflect.NativeMethodAccessorImpl.invoke0(Native Method)java.base/jdk.internal.reflect.NativeMethodAccessorImpl.invoke(NativeMethodAccessorImpl.java:62)java.base/jdk.internal.reflect.DelegatingMethodAccessorImpl.invoke(DelegatingMethodAccessorImpl.java:43)java.base/java.lang.reflect.Method.invoke(Method.java:564)org.testng.internal.MethodInvocationHelper.invokeMethod(MethodInvocationHelper.java:133)org.testng.internal.TestInvoker.invokeMethod(TestInvoker.java:584)org.testng.internal.TestInvoker.invokeTestMethod(TestInvoker.java:172)org.testng.internal.MethodRunner.runInSequence(MethodRunner.java:46)org.testng.internal.TestInvoker$MethodInvocationAgent.invoke(TestInvoker.java:804)org.testng.internal.TestInvoker.invokeTestMethods(TestInvoker.java:145)org.testng.internal.TestMethodWorker.invokeTestMethods(TestMethodWorker.java:146)org.testng.internal.TestMethodWorker.run(TestMethodWorker.java:128)java.base/java.util.ArrayList.forEach(ArrayList.java:1380)org.testng.TestRunner.privateRun(TestRunner.java:770)org.testng.TestRunner.run(TestRunner.java:591)org.testng.SuiteRunner.runTest(SuiteRunner.java:402)org.testng.SuiteRunner.runSequentially(SuiteRunner.java:396)org.testng.SuiteRunner.privateRun(SuiteRunner.java:355)org.testng.SuiteRunner.run(SuiteRunner.java:304)org.testng.SuiteRunnerWorker.runSuite(SuiteRunnerWorker.java:53)org.testng.SuiteRunnerWorker.run(SuiteRunnerWorker.java:96)org.testng.TestNG.runSuitesSequentially(TestNG.java:1180)org.testng.TestNG.runSuitesLocally(TestNG.java:1102)org.testng.TestNG.runSuites(TestNG.java:1032)org.testng.TestNG.run(TestNG.java:1000)org.testng.IDEARemoteTestNG.run(IDEARemoteTestNG.java:72)org.testng.RemoteTestNGStarter.main(RemoteTestNGStarter.java:123)
                                    Caused by: org.openqa.selenium.NoSuchElementException: An element could not be located on the page using the given search parameters.
For documentation on this error, please visit: https://www.seleniumhq.org/exceptions/no_such_element.html
Build info: version: '3.141.59', revision: 'e82be7d358', time: '2018-11-14T08:17:03'
System info: host: 'EN-AnuN', ip: 'fe80:0:0:0:1c80:586a:17aa:f912%en0', os.name: 'Mac OS X', os.arch: 'x86_64', os.version: '10.13.6', java.version: '9.0.4'
Driver info: io.appium.java_client.android.AndroidDriver
Capabilities {UDID: 639e20fe, app: /Users/300066828/Downloads/..., appActivity: com.olacabs.customer.ui.Spl..., appPackage: com.olacabs.customer, autoGrantPermissions: true, databaseEnabled: false, desired: {UDID: 639e20fe, app: /Users/300066828/Downloads/..., appActivity: com.olacabs.customer.ui.Spl..., appPackage: com.olacabs.customer, autoGrantPermissions: true, deviceName: one plus one, gpsEnabled: true, newCommandTimeout: 120, noReset: false, platformName: android}, deviceManufacturer: vivo, deviceModel: vivo 1803, deviceName: BQOV75TO695L5DQ8, deviceScreenSize: 720x1520, deviceUDID: BQOV75TO695L5DQ8, gpsEnabled: true, javascriptEnabled: true, locationContextEnabled: false, networkConnectionEnabled: true, newCommandTimeout: 120, noReset: false, platform: LINUX, platformName: Android, platformVersion: 8.1.0, takesScreenshot: true, warnings: {}, webStorageEnabled: false}
Session ID: 256f80fe-2d2e-4c53-b773-dadf8bdc77ae
*** Element info: {Using=id, value=com.olacabs.customer:id/mobile_number}
                    java.base/jdk.internal.reflect.NativeConstructorAccessorImpl.newInstance0(Native Method)java.base/jdk.internal.reflect.NativeConstructorAccessorImpl.newInstance(NativeConstructorAccessorImpl.java:62)java.base/jdk.internal.reflect.DelegatingConstructorAccessorImpl.newInstance(DelegatingConstructorAccessorImpl.java:45)java.base/java.lang.reflect.Constructor.newInstance(Constructor.java:488)org.openqa.selenium.remote.http.W3CHttpResponseCodec.createException(W3CHttpResponseCodec.java:187)org.openqa.selenium.remote.http.W3CHttpResponseCodec.decode(W3CHttpResponseCodec.java:122)org.openqa.selenium.remote.http.W3CHttpResponseCodec.decode(W3CHttpResponseCodec.java:49)org.openqa.selenium.remote.HttpCommandExecutor.execute(HttpCommandExecutor.java:158)io.appium.java_client.remote.AppiumCommandExecutor.execute(AppiumCommandExecutor.java:239)org.openqa.selenium.remote.RemoteWebDriver.execute(RemoteWebDriver.java:552)io.appium.java_client.DefaultGenericMobileDriver.execute(DefaultGenericMobileDriver.java:41)io.appium.java_client.AppiumDriver.execute(AppiumDriver.java:1)io.appium.java_client.android.AndroidDriver.execute(AndroidDriver.java:1)org.openqa.selenium.remote.RemoteWebDriver.findElement(RemoteWebDriver.java:323)io.appium.java_client.DefaultGenericMobileDriver.findElement(DefaultGenericMobileDriver.java:61)io.appium.java_client.AppiumDriver.findElement(AppiumDriver.java:1)io.appium.java_client.android.AndroidDriver.findElement(AndroidDriver.java:1)org.openqa.selenium.remote.RemoteWebDriver.findElementById(RemoteWebDriver.java:372)io.appium.java_client.DefaultGenericMobileDriver.findElementById(DefaultGenericMobileDriver.java:69)io.appium.java_client.AppiumDriver.findElementById(AppiumDriver.java:1)io.appium.java_client.android.AndroidDriver.findElementById(AndroidDriver.java:1)org.openqa.selenium.By$ById.findElement(By.java:188)org.openqa.selenium.remote.RemoteWebDriver.findElement(RemoteWebDriver.java:315)io.appium.java_client.DefaultGenericMobileDriver.findElement(DefaultGenericMobileDriver.java:57)io.appium.java_client.AppiumDriver.findElement(AppiumDriver.java:1)io.appium.java_client.android.AndroidDriver.findElement(AndroidDriver.java:1)io.appium.java_client.pagefactory.bys.ContentMappedBy.findElement(ContentMappedBy.java:50)org.openqa.selenium.remote.RemoteWebDriver.findElement(RemoteWebDriver.java:315)io.appium.java_client.DefaultGenericMobileDriver.findElement(DefaultGenericMobileDriver.java:57)io.appium.java_client.AppiumDriver.findElement(AppiumDriver.java:1)io.appium.java_client.android.AndroidDriver.findElement(AndroidDriver.java:1)io.appium.java_client.pagefactory.AppiumElementLocator.lambda$0(AppiumElementLocator.java:120)io.appium.java_client.pagefactory.AppiumElementLocator$WaitingFunction.apply(AppiumElementLocator.java:172)io.appium.java_client.pagefactory.AppiumElementLocator$WaitingFunction.apply(AppiumElementLocator.java:1)org.openqa.selenium.support.ui.FluentWait.until(FluentWait.java:249)io.appium.java_client.pagefactory.AppiumElementLocator.waitFor(AppiumElementLocator.java:99)io.appium.java_client.pagefactory.AppiumElementLocator.findElement(AppiumElementLocator.java:119)io.appium.java_client.pagefactory.interceptors.InterceptorOfASingleElement.intercept(InterceptorOfASingleElement.java:59)io.appium.java_client.android.AndroidElement$$EnhancerByCGLIB$$b598166c.isEnabled(<generated>)com.ola.book.ride.objectRepo.Login.LoginPageObjects.verifyMobileNumberInputFieldVisibility(LoginPageObjects.java:86)com.ola.book.ride.objectRepo.Login.LoginPageObjects.Login(LoginPageObjects.java:66)com.ola.book.ride.testScripts.OlaBookARide.BookSingleRide(OlaBookARide.java:40)java.base/jdk.internal.reflect.NativeMethodAccessorImpl.invoke0(Native Method)java.base/jdk.internal.reflect.NativeMethodAccessorImpl.invoke(NativeMethodAccessorImpl.java:62)java.base/jdk.internal.reflect.DelegatingMethodAccessorImpl.invoke(DelegatingMethodAccessorImpl.java:43)java.base/java.lang.reflect.Method.invoke(Method.java:564)org.testng.internal.MethodInvocationHelper.invokeMethod(MethodInvocationHelper.java:133)org.testng.internal.TestInvoker.invokeMethod(TestInvoker.java:584)org.testng.internal.TestInvoker.invokeTestMethod(TestInvoker.java:172)org.testng.internal.MethodRunner.runInSequence(MethodRunner.java:46)org.testng.internal.TestInvoker$MethodInvocationAgent.invoke(TestInvoker.java:804)org.testng.internal.TestInvoker.invokeTestMethods(TestInvoker.java:145)org.testng.internal.TestMethodWorker.invokeTestMethods(TestMethodWorker.java:146)org.testng.internal.TestMethodWorker.run(TestMethodWorker.java:128)java.base/java.util.ArrayList.forEach(ArrayList.java:1380)org.testng.TestRunner.privateRun(TestRunner.java:770)org.testng.TestRunner.run(TestRunner.java:591)org.testng.SuiteRunner.runTest(SuiteRunner.java:402)org.testng.SuiteRunner.runSequentially(SuiteRunner.java:396)org.testng.SuiteRunner.privateRun(SuiteRunner.java:355)org.testng.SuiteRunner.run(SuiteRunner.java:304)org.testng.SuiteRunnerWorker.runSuite(SuiteRunnerWorker.java:53)org.testng.SuiteRunnerWorker.run(SuiteRunnerWorker.java:96)org.testng.TestNG.runSuitesSequentially(TestNG.java:1180)org.testng.TestNG.runSuitesLocally(TestNG.java:1102)org.testng.TestNG.runSuites(TestNG.java:1032)org.testng.TestNG.run(TestNG.java:1000)org.testng.IDEARemoteTestNG.run(IDEARemoteTestNG.java:72)org.testng.RemoteTestNGStarter.main(RemoteTestNGStarter.java:123)
                ]]>
            </failure>
    </testcase>


</testsuite>
